10:47:37.242 | rich_logger.py | Line    134    |    TRACE    ➤ Entered get_console(console=None)
10:47:37.242 | rich_logger.py | Line    139    |    TRACE    ➤ 	No supplied console. Generating console...
10:47:37.242 | rich_logger.py | Line    142    |    TRACE    ➤ Leaving get_console()...
10:47:37.243 | rich_logger.py | Line    134    |    TRACE    ➤ Entered get_console(console=None)
10:47:37.243 | rich_logger.py | Line    139    |    TRACE    ➤ 	No supplied console. Generating console...
10:47:37.243 | rich_logger.py | Line    142    |    TRACE    ➤ Leaving get_console()...
10:47:37.244 | rich_logger.py | Line    134    |    TRACE    ➤ Entered get_console(console=None)
10:47:37.244 | rich_logger.py | Line    139    |    TRACE    ➤ 	No supplied console. Generating console...
10:47:37.244 | rich_logger.py | Line    142    |    TRACE    ➤ Leaving get_console()...
11:39:43.805 |  logger.py   | Line    131    |    TRACE    ➤ Entered get_console(console=None)
11:39:43.806 |  logger.py   | Line    136    |    TRACE    ➤ 	No supplied console. Generating console...
11:39:43.806 |  logger.py   | Line    139    |    TRACE    ➤ Leaving get_console()...
11:41:59.287 |  logger.py   | Line    131    |    TRACE    ➤ Entered get_console(console=None)
11:41:59.287 |  logger.py   | Line    136    |    TRACE    ➤ 	No supplied console. Generating console...
11:41:59.287 |  logger.py   | Line    139    |    TRACE    ➤ Leaving get_console()...
11:41:59.300 |  logger.py   | Line    131    |    TRACE    ➤ Entered get_console(console=None)
11:41:59.300 |  logger.py   | Line    136    |    TRACE    ➤ 	No supplied console. Generating console...
11:41:59.300 |  logger.py   | Line    139    |    TRACE    ➤ Leaving get_console()...
11:41:59.321 |  logger.py   | Line    437    |    TRACE    ➤ Incrementing run count...
11:41:59.321 |  logger.py   | Line    131    |    TRACE    ➤ Entered get_console(console=None)
11:41:59.321 |  logger.py   | Line    136    |    TRACE    ➤ 	No supplied console. Generating console...
11:41:59.321 |  logger.py   | Line    139    |    TRACE    ➤ Leaving get_console()...


━━━━━━━━━━━━━━━ Run 1 ━━━━━━━━━━━━━━━
11:42:49.035 |  logger.py   | Line    131    |    TRACE    ➤ Entered get_console(console=None)
11:42:49.036 |  logger.py   | Line    136    |    TRACE    ➤ 	No supplied console. Generating console...
11:42:49.036 |  logger.py   | Line    139    |    TRACE    ➤ Leaving get_console()...
11:44:31.735 |  logger.py   | Line    131    |    TRACE    ➤ Entered get_console(console=None)
11:44:31.735 |  logger.py   | Line    136    |    TRACE    ➤ 	No supplied console. Generating console...
11:44:31.735 |  logger.py   | Line    139    |    TRACE    ➤ Leaving get_console()...
11:44:31.747 |  logger.py   | Line    131    |    TRACE    ➤ Entered get_console(console=None)
11:44:31.747 |  logger.py   | Line    136    |    TRACE    ➤ 	No supplied console. Generating console...
11:44:31.747 |  logger.py   | Line    139    |    TRACE    ➤ Leaving get_console()...
11:44:31.758 |  logger.py   | Line    437    |    TRACE    ➤ Incrementing run count...
11:44:31.758 |  logger.py   | Line    131    |    TRACE    ➤ Entered get_console(console=None)
11:44:31.758 |  logger.py   | Line    136    |    TRACE    ➤ 	No supplied console. Generating console...
11:44:31.758 |  logger.py   | Line    139    |    TRACE    ➤ Leaving get_console()...


━━━━━━━━━━━━━━━ Run 2 ━━━━━━━━━━━━━━━
12:03:51.888 |  logger.py   | Line    131    |    TRACE    ➤ Entered get_console(console=None)
12:03:51.889 |  logger.py   | Line    136    |    TRACE    ➤ 	No supplied console. Generating console...
12:03:51.889 |  logger.py   | Line    139    |    TRACE    ➤ Leaving get_console()...
12:04:06.035 |  logger.py   | Line    131    |    TRACE    ➤ Entered get_console(console=None)
12:04:06.035 |  logger.py   | Line    136    |    TRACE    ➤ 	No supplied console. Generating console...
12:04:06.036 |  logger.py   | Line    139    |    TRACE    ➤ Leaving get_console()...
12:04:06.049 |  logger.py   | Line    131    |    TRACE    ➤ Entered get_console(console=None)
12:04:06.049 |  logger.py   | Line    136    |    TRACE    ➤ 	No supplied console. Generating console...
12:04:06.049 |  logger.py   | Line    139    |    TRACE    ➤ Leaving get_console()...
12:04:06.059 |  logger.py   | Line    437    |    TRACE    ➤ Incrementing run count...
12:04:06.059 |  logger.py   | Line    131    |    TRACE    ➤ Entered get_console(console=None)
12:04:06.059 |  logger.py   | Line    136    |    TRACE    ➤ 	No supplied console. Generating console...
12:04:06.060 |  logger.py   | Line    139    |    TRACE    ➤ Leaving get_console()...


━━━━━━━━━━━━━━━ Run 3 ━━━━━━━━━━━━━━━
12:18:36.505 |  logger.py   | Line    131    |    TRACE    ➤ Entered get_console(console=None)
12:18:36.505 |  logger.py   | Line    136    |    TRACE    ➤ 	No supplied console. Generating console...
12:18:36.505 |  logger.py   | Line    139    |    TRACE    ➤ Leaving get_console()...
12:18:41.298 |  logger.py   | Line    131    |    TRACE    ➤ Entered get_console(console=None)
12:18:41.298 |  logger.py   | Line    136    |    TRACE    ➤ 	No supplied console. Generating console...
12:18:41.298 |  logger.py   | Line    139    |    TRACE    ➤ Leaving get_console()...
12:18:41.309 |  logger.py   | Line    131    |    TRACE    ➤ Entered get_console(console=None)
12:18:41.309 |  logger.py   | Line    136    |    TRACE    ➤ 	No supplied console. Generating console...
12:18:41.309 |  logger.py   | Line    139    |    TRACE    ➤ Leaving get_console()...
12:18:41.319 |  logger.py   | Line    437    |    TRACE    ➤ Incrementing run count...
12:18:41.319 |  logger.py   | Line    131    |    TRACE    ➤ Entered get_console(console=None)
12:18:41.320 |  logger.py   | Line    136    |    TRACE    ➤ 	No supplied console. Generating console...
12:18:41.320 |  logger.py   | Line    139    |    TRACE    ➤ Leaving get_console()...


━━━━━━━━━━━━━━━ Run 4 ━━━━━━━━━━━━━━━
12:36:16.354 |  logger.py   | Line    146    |    TRACE    ➤ Entered get_console(console=None)
12:36:16.354 |  logger.py   | Line    161    |    TRACE    ➤ 	No shared console. Creating new instance...
12:36:16.354 |  logger.py   | Line    184    |    TRACE    ➤ 	Installing Rich traceback support...
12:36:16.354 |  logger.py   | Line    189    |    TRACE    ➤ Leaving get_console()...
12:36:16.354 |  logger.py   | Line    146    |    TRACE    ➤ Entered get_console(console=None)
12:36:16.355 |  logger.py   | Line    189    |    TRACE    ➤ Leaving get_console()...
12:36:16.355 |  logger.py   | Line    146    |    TRACE    ➤ Entered get_console(console=None)
12:36:16.355 |  logger.py   | Line    189    |    TRACE    ➤ Leaving get_console()...
12:36:16.364 |   main.py    | Line     6     |    INFO     ➤ Hello, colourful world!
12:36:16.366 |   main.py    | Line     7     |   SUCCESS   ➤ All systems go
12:36:16.368 |  logger.py   | Line    146    |    TRACE    ➤ Entered get_console(console=None)
12:36:16.368 |  logger.py   | Line    189    |    TRACE    ➤ Leaving get_console()...
12:36:16.378 |  logger.py   | Line    146    |    TRACE    ➤ Entered get_console(console=None)
12:36:16.378 |  logger.py   | Line    189    |    TRACE    ➤ Leaving get_console()...
12:36:16.387 |  logger.py   | Line    496    |    TRACE    ➤ Incrementing run count...
12:36:16.388 |  logger.py   | Line    146    |    TRACE    ➤ Entered get_console(console=None)
12:36:16.388 |  logger.py   | Line    189    |    TRACE    ➤ Leaving get_console()...


━━━━━━━━━━━━━━━ Run 5 ━━━━━━━━━━━━━━━
02:16:55.204 |  logger.py   | Line    147    |    TRACE    ➤ Entered get_console(cnsl=None)
02:16:55.205 |  logger.py   | Line    181    |    TRACE    ➤ 	Installing Rich traceback support...
02:16:55.205 |  logger.py   | Line    186    |    TRACE    ➤ Leaving get_console()...
02:16:55.206 |  logger.py   | Line    147    |    TRACE    ➤ Entered get_console(cnsl=None)
02:16:55.206 |  logger.py   | Line    186    |    TRACE    ➤ Leaving get_console()...
02:16:55.206 |  logger.py   | Line    147    |    TRACE    ➤ Entered get_console(cnsl=None)
02:16:55.206 |  logger.py   | Line    186    |    TRACE    ➤ Leaving get_console()...
02:16:55.218 |   main.py    | Line     6     |    INFO     ➤ Hello, colourful world!
02:16:55.222 |   main.py    | Line     7     |   SUCCESS   ➤ All systems go
02:16:55.248 |  logger.py   | Line    147    |    TRACE    ➤ Entered get_console(cnsl=None)
02:16:55.248 |  logger.py   | Line    186    |    TRACE    ➤ Leaving get_console()...
02:16:55.261 |  logger.py   | Line    147    |    TRACE    ➤ Entered get_console(cnsl=None)
02:16:55.261 |  logger.py   | Line    186    |    TRACE    ➤ Leaving get_console()...
02:16:55.280 |  logger.py   | Line    492    |    TRACE    ➤ Incrementing run count...
02:16:55.280 |  logger.py   | Line    147    |    TRACE    ➤ Entered get_console(cnsl=None)
02:16:55.281 |  logger.py   | Line    186    |    TRACE    ➤ Leaving get_console()...


━━━━━━━━━━━━━━━ Run 6 ━━━━━━━━━━━━━━━
12:41:19.811 |  logger.py   | Line    147    |    TRACE    ➤ Entered get_console(cnsl=None)
12:41:19.812 |  logger.py   | Line    181    |    TRACE    ➤ 	Installing Rich traceback support...
12:41:19.812 |  logger.py   | Line    186    |    TRACE    ➤ Leaving get_console()...
12:41:19.813 |  logger.py   | Line    147    |    TRACE    ➤ Entered get_console(cnsl=None)
12:41:19.813 |  logger.py   | Line    186    |    TRACE    ➤ Leaving get_console()...
12:41:19.813 |  logger.py   | Line    147    |    TRACE    ➤ Entered get_console(cnsl=None)
12:41:19.813 |  logger.py   | Line    186    |    TRACE    ➤ Leaving get_console()...
12:41:19.826 |   main.py    | Line     6     |    TRACE    ➤ Trace message
12:41:19.826 |   main.py    | Line     7     |    INFO     ➤ Hello, colourful world!
12:41:19.829 |   main.py    | Line     8     |   SUCCESS   ➤ All systems go
12:41:20.009 |  logger.py   | Line    147    |    TRACE    ➤ Entered get_console(cnsl=None)
12:41:20.009 |  logger.py   | Line    186    |    TRACE    ➤ Leaving get_console()...
12:41:20.021 |  logger.py   | Line    147    |    TRACE    ➤ Entered get_console(cnsl=None)
12:41:20.021 |  logger.py   | Line    186    |    TRACE    ➤ Leaving get_console()...
12:41:20.031 |  logger.py   | Line    492    |    TRACE    ➤ Incrementing run count...
12:41:20.031 |  logger.py   | Line    147    |    TRACE    ➤ Entered get_console(cnsl=None)
12:41:20.031 |  logger.py   | Line    186    |    TRACE    ➤ Leaving get_console()...


━━━━━━━━━━━━━━━ Run 7 ━━━━━━━━━━━━━━━
12:41:27.359 |  logger.py   | Line    147    |    TRACE    ➤ Entered get_console(cnsl=None)
12:41:27.359 |  logger.py   | Line    181    |    TRACE    ➤ 	Installing Rich traceback support...
12:41:27.359 |  logger.py   | Line    186    |    TRACE    ➤ Leaving get_console()...
12:41:27.361 |  logger.py   | Line    147    |    TRACE    ➤ Entered get_console(cnsl=None)
12:41:27.361 |  logger.py   | Line    186    |    TRACE    ➤ Leaving get_console()...
12:41:27.362 |  logger.py   | Line    147    |    TRACE    ➤ Entered get_console(cnsl=None)
12:41:27.362 |  logger.py   | Line    186    |    TRACE    ➤ Leaving get_console()...
12:41:27.376 |   main.py    | Line     6     |    TRACE    ➤ Trace message
12:41:27.376 |   main.py    | Line     7     |    INFO     ➤ Hello, colourful world!
12:41:27.381 |   main.py    | Line     8     |   SUCCESS   ➤ All systems go
12:41:27.431 |  logger.py   | Line    147    |    TRACE    ➤ Entered get_console(cnsl=None)
12:41:27.431 |  logger.py   | Line    186    |    TRACE    ➤ Leaving get_console()...
12:41:27.450 |  logger.py   | Line    147    |    TRACE    ➤ Entered get_console(cnsl=None)
12:41:27.450 |  logger.py   | Line    186    |    TRACE    ➤ Leaving get_console()...
12:41:27.463 |  logger.py   | Line    492    |    TRACE    ➤ Incrementing run count...
12:41:27.463 |  logger.py   | Line    147    |    TRACE    ➤ Entered get_console(cnsl=None)
12:41:27.463 |  logger.py   | Line    186    |    TRACE    ➤ Leaving get_console()...


━━━━━━━━━━━━━━━ Run 8 ━━━━━━━━━━━━━━━
